 1 SOUTH 7 SOUTH 13 SOUTH 19 SOUTH 25 SOUTH 31 EAST 32 EAST 33 EAST 34 EAST 35 EAST 36

 2 EAST 3 EAST 4 EAST 5 SOUTH 11 SOUTH 17 SOUTH 23 SOUTH 29 SOUTH 35
 3 SOUTH 9 SOUTH 15 SOUTH 21 SOUTH 27 SOUTH 33 EAST 34
 4 SOUTH 10 SOUTH 16 SOUTH 22 SOUTH 28 SOUTH 34 WEST 33
 5 WEST 4 WEST 3 WEST 2 SOUTH 8 SOUTH 14 SOUTH 20 SOUTH 26 SOUTH 32
 6 SOUTH 12 SOUTH 18 SOUTH 24 SOUTH 30 SOUTH 36 WEST 35 WEST 34 WEST 33 WEST 32 WEST 31
 7 SOUTH 13 SOUTH 19 SOUTH 25 EAST 26 EAST 27 EAST 28 EAST 29 EAST 30
 8 EAST 9 EAST 10 EAST 11 SOUTH 17 SOUTH 23 SOUTH 29
 9 SOUTH 15 SOUTH 21 SOUTH 27 EAST 28
 10 SOUTH 16 SOUTH 22 SOUTH 28 WEST 27
 11 WEST 10 WEST 9 WEST 8 SOUTH 14 SOUTH 20 SOUTH 26
 12 SOUTH 18 SOUTH 24 SOUTH 30 WEST 29 WEST 28 WEST 27 WEST 26 WEST 25
 13 EAST 14 EAST 15 EAST 16 EAST 17 EAST 18 SOUTH 24
 14 SOUTH 20 EAST 21 EAST 22 EAST 23
 15 SOUTH 21 EAST 22
 16 SOUTH 22 WEST 21
 17 WEST 16 WEST 15 SOUTH 21 WEST 20
 18 WEST 17 SOUTH 23 WEST 22 WEST 21 WEST 20 WEST 19
 19 EAST 20 EAST 21 EAST 22 EAST 23 EAST 24 NORTH 18
 20 NORTH 14 EAST 15 EAST 16 EAST 17
 21 NORTH 15 EAST 16
 22 NORTH 16 WEST 15
 23 NORTH 17 WEST 16 WEST 15 WEST 14
 24 WEST 23 WEST 22 WEST 21 WEST 20 WEST 19 NORTH 13
 25 NORTH 19 NORTH 13 NORTH 7 EAST 8 EAST 9 EAST 10 EAST 11 EAST 12
 26 EAST 27 EAST 28 EAST 29 NORTH 23 NORTH 17 NORTH 11
 27 NORTH 21 NORTH 15 NORTH 9 EAST 10
 28 NORTH 22 NORTH 16 NORTH 10 WEST 9
 29 WEST 28 WEST 27 WEST 26 NORTH 20 NORTH 14 NORTH 8
 30 NORTH 24 NORTH 18 NORTH 12 WEST 11 WEST 10 WEST 9 WEST 8 WEST 7
 31 NORTH 25 NORTH 19 NORTH 13 NORTH 7 NORTH 1 EAST 2 EAST 3 EAST 4 EAST 5 EAST 6
 32 EAST 33 EAST 34 EAST 35 NORTH 29 NORTH 23 NORTH 17 NORTH 11 NORTH 5
 33 NORTH 27 NORTH 21 NORTH 15 NORTH 9 NORTH 3 EAST 4
 34 NORTH 28 NORTH 22 NORTH 16 NORTH 10 NORTH 4 WEST 3
 35 WEST 34 WEST 33 WEST 32 NORTH 26 NORTH 20 NORTH 14 NORTH 8 NORTH 2
 36 NORTH 30 NORTH 24 NORTH 18 NORTH 12 NORTH 6 WEST 5 WEST 4 WEST 3 WEST 2 WEST 1
