 1 South 6 South 11 South 16 South 21 East 22 East 23 East 24 East 25
 2 East 3 East 4 South 9 South 14 South 19 South 24
 3 South 8 South 13 South 18 South 23
 4 West 3 West 2 South 7 South 12 South 17 South 22
 5 South 10 South 15 South 20 South 25 West 24 West 23 West 22 West 21
 6 East 7 East 8 East 9 East 10 South 15 South 20
 7 South 12 South 17 East 18 East 19
 8 South 13 South 18
 9 South 14 South 19 West 18 West 17
 10 West 9 West 8 West 7 West 6 South 11 South 16
 11 East 12 East 13 East 14 East 15
 12 East 13 East 14

 14 West 13 West 12
 15 West 14 West 13 West 12 West 11
 16 East 17 East 18 East 19 East 20 North 15 North 10
 17 North 12 North 7 East 8 East 9
 18 North 13 North 8
 19 North 14 North 9 West 8 West 7
 20 West 19 West 18 West 17 West 16 North 11 North 6
 21 North 16 North 11 North 6 North 1 East 2 East 3 East 4 East 5
 22 East 23 East 24 North 19 North 14 North 9 North 4
 23 North 18 North 13 North 8 North 3
 24 West 23 West 22 North 17 North 12 North 7 North 2
 25 North 20 West 19
