
 2 East 3
 3 East 4 East 5
 4 West 3 West 2 South 7
 5 West 4 South 9
 6 South 11
 7 South 12 East 13
 8 East 9 East 10 South 15
 9 West 8 South 13 South 18 West 17
 10 West 9 South 14 South 19
 11 South 16 South 21
 12 South 17 South 22 East 23
 13 West 12 North 7 North 2
 14 North 9 North 4
 15 West 14 West 13 West 12 West 11 North 6
 16 North 11 North 6 East 7 East 8
 17 North 12
 18 North 13 East 14
 19 West 18 West 17 West 16
 20 West 19 West 18
 21 North 16 East 17 East 18 East 19 East 20

 23 West 1


