
 2 East 3
 3 East 4 East 5
 4 West 3 South 8 South 13 South 18 South 23 West 22 North 17 North 12 North 7
 5 South 10 South 15 South 20 South 25 West 24 North 19 North 14 North 9
 6 South 11
 7 South 12 East 13
 8 South 13 East 14 East 15
 9 West 8 South 13 South 18 South 23 West 22 North 17
 10 South 15 South 20 South 25 West 24 North 19
 11 South 16 South 21
 12 South 17 South 22 East 23
 13 North 8 North 3 West 2
 14 North 9 North 4
 15 North 10 North 5 West 4 West 3 South 8 South 13 South 18 South 23 West 22 West 21 North 16 North 11 North 6
 16 North 11 North 6 East 7 East 8
 17 North 12
 18 North 13 East 14
 19 West 18 North 13 West 12 West 11 South 16
 20 North 15 West 14 West 13 South 18
 21 North 16 East 17 East 18 East 19 East 20

 23 North 18 West 17 South 1


