
 2 East 3
 3 East 4 East 5
 4 West 3 West 2 South 7
 5 West 4 South 9
 6 South 11
 7 East 8 South 13
 8 East 9 East 10 South 15
 9 West 8 West 7 South 12 South 17
 10 West 9 South 14 South 19
 11 South 16 South 21
 12 East 13 South 18 South 23
 13 West 12 North 7 North 2
 14 North 9 North 4
 15 West 14 West 13 North 8 North 3 West 2 West 1 South 6
 16 East 17 East 18 North 13 North 8
 17 North 12
 18 East 19 North 14
 19 West 18 West 17 West 16
 20 West 19 West 18
 21 East 22 East 23 East 24 North 19 East 20

 23 West 1


