 1 South 7 South 13 South 19 South 25 South 31 East 32 East 33 East 34 East 35 East 36
 2 South 8 South 14 South 20 South 26 South 32 East 33 East 34 East 35
 3 South 9 South 15 South 21 South 27 South 33 East 34
 4 West 3 South 9 South 15 South 21 South 27 South 33
 5 South 11 South 17 South 23 South 29 South 35 West 34 West 33 North 27 West 26 South 32
 6 West 5 South 11 South 17 South 23 South 29 South 35 West 34 West 33 North 27 West 26 West 25 South 31
 7 South 13 South 19 South 25 East 26 East 27 East 28 East 29 East 30
 8 South 14 South 20 South 26 East 27 East 28 East 29
 9 South 15 South 21 South 27 East 28
 10 West 9 South 15 South 21 South 27
 11 South 17 South 23 South 29 South 35 West 34 West 33 North 27 North 21 West 20 South 26
 12 West 11 South 17 South 23 South 29 South 35 West 34 West 33 North 27 North 21 West 20 West 19 South 25
 13 South 19 East 20 East 21 East 22 East 23 East 24
 14 South 20 East 21 East 22 East 23
 15 South 21 East 22
 16 West 15 South 21
 17 South 23 South 29 South 35 West 34 West 33 North 27 North 21 North 15 West 14 South 20
 18 West 17 South 23 South 29 South 35 West 34 West 33 North 27 North 21 North 15 West 14 West 13 South 19
 19 North 13 East 14 East 15 East 16 East 17 East 18
 20 North 14 East 15 East 16 East 17
 21 North 15 East 16
 22 West 21 North 15
 23 North 17 North 11 West 10 West 9 South 15 South 21 South 27 South 33 West 32 North 26 North 20 North 14
 24 West 23 North 17 North 11 West 10 West 9 South 15 South 21 South 27 South 33 West 32 West 31 North 25 North 19 North 13
 25 North 19 North 13 North 7 East 8 East 9 East 10 East 11 East 12
 26 North 20 North 14 North 8 East 9 East 10 East 11
 27 North 21 North 15 North 9 East 10
 28 West 27 North 21 North 15 North 9
 29 North 23 North 17 North 11 North 5 West 4 West 3 South 9 South 15 South 21 South 27 South 33 West 32 North 26 North 20 North 14 North 8
 30 West 29 North 23 North 17 North 11 North 5 West 4 West 3 South 9 South 15 South 21 South 27 South 33 West 32 West 31 North 25 North 19 North 13 North 7
 31 North 25 North 19 North 13 North 7 North 1 East 2 East 3 East 4 East 5 East 6
 32 North 26 North 20 North 14 North 8 North 2 East 3 East 4 East 5
 33 North 27 North 21 North 15 North 9 North 3 East 4
 34 West 33 North 27 North 21 North 15 North 9 North 3
 35 North 29 North 23 North 17 North 11 North 5 West 4 West 3 South 9 South 15 South 21 South 27 South 33 West 32 North 26 North 20 North 14 North 8 North 2
 36 West 35 North 29 North 23 North 17 North 11 North 5 West 4 West 3 South 9 South 15 South 21 South 27 South 33 West 32 West 31 North 25 North 19 North 13 North 7 North 1
