
 2 East 3
 3 West 2 West 1 South 6 South 11
 4 West 3 West 2 South 7 West 6 South 11 South 16
 5 West 4 West 3 South 8 West 7 South 12 West 11 South 16 South 21
 6 North 1 East 2

 8 South 13 West 12
 9 West 8 West 7 South 12 South 17
 10 South 15 South 20 South 25 West 24 West 23 West 22
 11 North 6 East 7 North 2 East 3
 12 North 7 East 8

 14 West 13 South 18
 15 West 14 South 19 West 18 South 23
 16 North 11 East 12 East 13 North 8 North 3 East 4
 17 East 18 East 19 North 14 North 9
 18 North 13 East 14

 20 West 19 South 24
 21 East 22 East 23 East 24 East 25 North 20 North 15 North 10 North 5
 22 North 17 North 12 East 13 North 8 East 9 East 10
 23 East 24 North 19 East 20 North 15
 24 North 19 East 20

