
 2 East 3
 3 East 4 East 5
 4 West 3 West 2 West 1 South 7
 5 West 4 West 3 South 9
 6 West 5 South 11
 7 South 13
 8 South 14 East 15
 9 East 10 East 11 South 17
 10 West 9 South 15 West 14 West 13 South 19
 11 West 10 South 16 West 15 South 21
 12 South 18 South 24 West 23
 13 South 19 South 25
 14 South 20 South 26 East 27
 15 East 16 East 17 South 23 South 29
 16 South 22 South 28 West 27 West 26 South 32 West 31
 17 West 16 South 22 West 21 South 27 South 33
 18 South 24 South 30 South 36 West 35
 19 North 13 North 7 North 1 East 2
 20 North 14 North 8 East 9 North 3 East 4
 21 East 22 East 23 North 17 North 11 East 12 North 6
 22 West 21 North 15 North 9 West 8
 23 West 22 North 16 North 10
 24 North 18 North 12
 25 North 19 North 13 East 14
 26 North 20 East 21 North 15 East 16
 27 East 28 East 29 North 23 East 24 North 18
 28 West 27 North 21 West 20
 29 West 28 North 22
 30 North 24
 31 North 25 East 26
 32 East 33 East 34 North 28
 33 East 34 East 35 East 36 North 30
 34 West 33 West 32
 35 West 34

